<?xml version="1.0" encoding="UTF-8"?>
<!-- Generated by org.testng.reporters.JUnitReportReporter -->
<testsuite skipped="0" hostname="LAPTOP-UGR7KHL6" name="walletHub_Review.TestRunner" tests="1" failures="0" timestamp="2021-04-21T22:29:06 IST" time="69.483" errors="0">
  <testcase name="runScenario" time="69.483" classname="walletHub_Review.TestRunner"/>
</testsuite> <!-- walletHub_Review.TestRunner -->
