<?xml version="1.0" encoding="UTF-8"?>
<!-- Generated by org.testng.reporters.JUnitReportReporter -->
<testsuite skipped="0" hostname="LAPTOP-UGR7KHL6" name="com.wallethub.testrunner.TestRunner" tests="1" failures="0" timestamp="2021-04-23T00:18:03 IST" time="74.579" errors="0">
  <testcase name="runScenario" time="74.579" classname="com.wallethub.testrunner.TestRunner"/>
</testsuite> <!-- com.wallethub.testrunner.TestRunner -->
